make all -C /home/jonathan/oopythonlabs/c2_server/initiate --print-data-base --no-builtin-variables --no-builtin-rules --question
make: *** /home/jonathan/oopythonlabs/c2_server/initiate: No such file or directory.  Stop.

# GNU Make 4.2.1
# Built for x86_64-pc-linux-gnu
# Copyright (C) 1988-2016 Free Software Foundation, Inc.
# License GPLv3+: GNU GPL version 3 or later <http://gnu.org/licenses/gpl.html>
# This is free software: you are free to change and redistribute it.
# There is NO WARRANTY, to the extent permitted by law.

# Make data base, printed on Thu Jun  9 20:19:55 2022

# Variables

# default
.SHELLFLAGS := -c
# environment
XDG_SESSION_CLASS = user
# environment
VSCODE_AGENT_FOLDER = /home/jonathan/.vscode-server
# environment
XDG_SESSION_TYPE = tty
# environment
VSCODE_LOG_NATIVE = false
# environment
SHELL = /usr/bin/zsh
# environment
VSCODE_NLS_CONFIG = {"locale":"en","availableLanguages":{}}
# environment
_ = /home/jonathan/.vscode-server/bin/4af164ea3a06f701fe3e89a2bcbb421d2026b68f/node
# environment
GNUMAKEFLAGS := 
# environment
DBUS_SESSION_BUS_ADDRESS = unix:path=/run/user/1000/bus
# environment
VSCODE_VERBOSE_LOGGING = true
# environment
VSCODE_CWD = /home/jonathan
# environment
SSH_CONNECTION = 192.168.37.1 59149 192.168.37.128 22
# environment
PATH = /home/jonathan/.vscode-server/bin/4af164ea3a06f701fe3e89a2bcbb421d2026b68f/bin/remote-cli:/usr/local/sbin:/usr/local/bin:/usr/sbin:/usr/bin:/sbin:/bin:/usr/games:/usr/local/games:/snap/bin
# environment
LSCOLORS = Gxfxcxdxbxegedabagacad
# environment
XDG_RUNTIME_DIR = /run/user/1000
# environment
VSCODE_LOG_STACK = false
# environment
VSCODE_IPC_HOOK_CLI = /run/user/1000/vscode-ipc-480d01ff-898f-49be-8c41-c67cad61677c.sock
# default
.FEATURES := target-specific order-only second-expansion else-if shortest-stem undefine oneshell archives jobserver output-sync check-symlink load
# environment
LS_COLORS = 
# environment
VSCODE_PIPE_LOGGING = true
# environment
PWD = /home/jonathan/oopythonlabs/red_alert
# default
.LOADED := 
# environment
VSCODE_AMD_ENTRYPOINT = vs/workbench/api/node/extensionHostProcess
# environment
HOME = /home/jonathan
# environment
LOGNAME = jonathan
# environment
APPLICATION_INSIGHTS_NO_DIAGNOSTIC_CHANNEL = true
# environment
ZSH = /home/jonathan/.oh-my-zsh
# environment
VSCODE_HANDLES_UNCAUGHT_ERRORS = true
# default
MAKE = $(MAKE_COMMAND)
# default
MAKECMDGOALS := all
# environment
SHLVL = 0
# environment
XDG_SESSION_ID = 8
# environment
USER = jonathan
# environment
LESS = -R
# default
MAKE_COMMAND := make
# environment
OLDPWD = /home/jonathan
# default
.VARIABLES := 
# environment
PYTHONPATH = /home/jonathan/pythonlabs:/home/jonathan/oopythonlabs:/home/jonathan/sqlpythonlabs
# environment
SSH_CLIENT = 192.168.37.1 59149 22
# environment
BROWSER = /home/jonathan/.vscode-server/bin/4af164ea3a06f701fe3e89a2bcbb421d2026b68f/bin/helpers/browser.sh
# environment
VSCODE_HANDLES_SIGPIPE = true
# environment
PAGER = less
# environment
LC_ALL = C
# default
.RECIPEPREFIX := 
# environment
LANG = C
# environment
VSCODE_EXTHOST_WILL_SEND_SOCKET = true
# environment
MOTD_SHOWN = pam
# variable set hash-table stats:
# Load=48/1024=5%, Rehash=0, Collisions=3/52=6%

# Pattern-specific Variable Values

# No pattern-specific variable values.

# Directories


# No files, no impossibilities in 0 directories.

# Implicit Rules

# No implicit rules.

# Files

# Not a target:
all:
#  Command line target.
#  Implicit rule search has not been done.
#  Modification time never checked.
#  File has not been updated.

# files hash-table stats:
# Load=1/1024=0%, Rehash=0, Collisions=0/1=0%
# VPATH Search Paths

# No 'vpath' search paths.

# No general ('VPATH' variable) search path.

# strcache buffers: 1 (0) / strings = 2 / storage = 51 B / avg = 25 B
# current buf: size = 8162 B / used = 51 B / count = 2 / avg = 25 B

# strcache performance: lookups = 3 / hit rate = 33%
# hash-table stats:
# Load=2/8192=0%, Rehash=0, Collisions=0/3=0%
# Finished Make data base on Thu Jun  9 20:19:55 2022

 
